This file contains any messages produced by compilers while
running configure, to aid debugging if configure makes a mistake.

It was created by lightdm configure 1.30.0, which was
generated by GNU Autoconf 2.69.  Invocation command line was

  $ ./configure 

## --------- ##
## Platform. ##
## --------- ##

hostname = longmai
uname -m = x86_64
uname -r = 4.15.0-91-generic
uname -s = Linux
uname -v = #92~16.04.1-Ubuntu SMP Fri Feb 28 14:57:22 UTC 2020

/usr/bin/uname -p = unknown
/bin/uname -X     = unknown

/bin/arch              = unknown
/usr/bin/arch -k       = unknown
/usr/convex/getsysinfo = unknown
/usr/bin/hostinfo      = unknown
/bin/machine           = unknown
/usr/bin/oslevel       = unknown
/bin/universe          = unknown

PATH: /usr/local/sbin
PATH: /usr/local/bin
PATH: /usr/sbin
PATH: /usr/bin
PATH: /sbin
PATH: /bin
PATH: /usr/games
PATH: /usr/local/games


## ----------- ##
## Core tests. ##
## ----------- ##

configure:2621: checking for a BSD-compatible install
configure:2689: result: /usr/bin/install -c
configure:2700: checking whether build environment is sane
configure:2755: result: yes
configure:2906: checking for a thread-safe mkdir -p
configure:2945: result: /bin/mkdir -p
configure:2952: checking for gawk
configure:2982: result: no
configure:2952: checking for mawk
configure:2968: found /usr/bin/mawk
configure:2979: result: mawk
configure:2990: checking whether make sets $(MAKE)
configure:3012: result: yes
configure:3041: checking whether make supports nested variables
configure:3058: result: yes
configure:3195: checking whether make supports nested variables
configure:3212: result: yes
configure:3235: checking for style of include used by make
configure:3263: result: GNU
configure:3334: checking for gcc
configure:3350: found /usr/bin/gcc
configure:3361: result: gcc
configure:3590: checking for C compiler version
configure:3599: gcc --version >&5
gcc (Ubuntu 5.4.0-6ubuntu1~16.04.12) 5.4.0 20160609
Copyright (C) 2015 Free Software Foundation, Inc.
This is free software; see the source for copying conditions.  There is NO
warranty; not even for MERCHANTABILITY or FITNESS FOR A PARTICULAR PURPOSE.

configure:3610: $? = 0
configure:3599: gcc -v >&5
Using built-in specs.
COLLECT_GCC=gcc
COLLECT_LTO_WRAPPER=/usr/lib/gcc/x86_64-linux-gnu/5/lto-wrapper
Target: x86_64-linux-gnu
Configured with: ../src/configure -v --with-pkgversion='Ubuntu 5.4.0-6ubuntu1~16.04.12' --with-bugurl=file:///usr/share/doc/gcc-5/README.Bugs --enable-languages=c,ada,c++,java,go,d,fortran,objc,obj-c++ --prefix=/usr --program-suffix=-5 --enable-shared --enable-linker-build-id --libexecdir=/usr/lib --without-included-gettext --enable-threads=posix --libdir=/usr/lib --enable-nls --with-sysroot=/ --enable-clocale=gnu --enable-libstdcxx-debug --enable-libstdcxx-time=yes --with-default-libstdcxx-abi=new --enable-gnu-unique-object --disable-vtable-verify --enable-libmpx --enable-plugin --with-system-zlib --disable-browser-plugin --enable-java-awt=gtk --enable-gtk-cairo --with-java-home=/usr/lib/jvm/java-1.5.0-gcj-5-amd64/jre --enable-java-home --with-jvm-root-dir=/usr/lib/jvm/java-1.5.0-gcj-5-amd64 --with-jvm-jar-dir=/usr/lib/jvm-exports/java-1.5.0-gcj-5-amd64 --with-arch-directory=amd64 --with-ecj-jar=/usr/share/java/eclipse-ecj.jar --enable-objc-gc --enable-multiarch --disable-werror --with-arch-32=i686 --with-abi=m64 --with-multilib-list=m32,m64,mx32 --enable-multilib --with-tune=generic --enable-checking=release --build=x86_64-linux-gnu --host=x86_64-linux-gnu --target=x86_64-linux-gnu
Thread model: posix
gcc version 5.4.0 20160609 (Ubuntu 5.4.0-6ubuntu1~16.04.12) 
configure:3610: $? = 0
configure:3599: gcc -V >&5
gcc: error: unrecognized command line option '-V'
gcc: fatal error: no input files
compilation terminated.
configure:3610: $? = 1
configure:3599: gcc -qversion >&5
gcc: error: unrecognized command line option '-qversion'
gcc: fatal error: no input files
compilation terminated.
configure:3610: $? = 1
configure:3630: checking whether the C compiler works
configure:3652: gcc    conftest.c  >&5
configure:3656: $? = 0
configure:3704: result: yes
configure:3707: checking for C compiler default output file name
configure:3709: result: a.out
configure:3715: checking for suffix of executables
configure:3722: gcc -o conftest    conftest.c  >&5
configure:3726: $? = 0
configure:3748: result: 
configure:3770: checking whether we are cross compiling
configure:3778: gcc -o conftest    conftest.c  >&5
configure:3782: $? = 0
configure:3789: ./conftest
configure:3793: $? = 0
configure:3808: result: no
configure:3813: checking for suffix of object files
configure:3835: gcc -c   conftest.c >&5
configure:3839: $? = 0
configure:3860: result: o
configure:3864: checking whether we are using the GNU C compiler
configure:3883: gcc -c   conftest.c >&5
configure:3883: $? = 0
configure:3892: result: yes
configure:3901: checking whether gcc accepts -g
configure:3921: gcc -c -g  conftest.c >&5
configure:3921: $? = 0
configure:3962: result: yes
configure:3979: checking for gcc option to accept ISO C89
configure:4042: gcc  -c -g -O2  conftest.c >&5
configure:4042: $? = 0
configure:4055: result: none needed
configure:4080: checking whether gcc understands -c and -o together
configure:4102: gcc -c conftest.c -o conftest2.o
configure:4105: $? = 0
configure:4102: gcc -c conftest.c -o conftest2.o
configure:4105: $? = 0
configure:4117: result: yes
configure:4136: checking dependency style of gcc
configure:4247: result: gcc3
configure:4262: checking for gcc option to accept ISO C99
configure:4411: gcc  -c -g -O2  conftest.c >&5
configure:4411: $? = 0
configure:4424: result: none needed
configure:4468: checking build system type
configure:4482: result: x86_64-pc-linux-gnu
configure:4502: checking host system type
configure:4515: result: x86_64-pc-linux-gnu
configure:4556: checking how to print strings
configure:4583: result: printf
configure:4604: checking for a sed that does not truncate output
configure:4668: result: /bin/sed
configure:4686: checking for grep that handles long lines and -e
configure:4744: result: /bin/grep
configure:4749: checking for egrep
configure:4811: result: /bin/grep -E
configure:4816: checking for fgrep
configure:4878: result: /bin/grep -F
configure:4913: checking for ld used by gcc
configure:4980: result: /usr/bin/ld
configure:4987: checking if the linker (/usr/bin/ld) is GNU ld
configure:5002: result: yes
configure:5014: checking for BSD- or MS-compatible name lister (nm)
configure:5068: result: /usr/bin/nm -B
configure:5198: checking the name lister (/usr/bin/nm -B) interface
configure:5205: gcc -c -g -O2  conftest.c >&5
configure:5208: /usr/bin/nm -B "conftest.o"
configure:5211: output
0000000000000000 B some_variable
configure:5218: result: BSD nm
configure:5221: checking whether ln -s works
configure:5225: result: yes
configure:5233: checking the maximum length of command line arguments
configure:5364: result: 1572864
configure:5412: checking how to convert x86_64-pc-linux-gnu file names to x86_64-pc-linux-gnu format
configure:5452: result: func_convert_file_noop
configure:5459: checking how to convert x86_64-pc-linux-gnu file names to toolchain format
configure:5479: result: func_convert_file_noop
configure:5486: checking for /usr/bin/ld option to reload object files
configure:5493: result: -r
configure:5567: checking for objdump
configure:5583: found /usr/bin/objdump
configure:5594: result: objdump
configure:5626: checking how to recognize dependent libraries
configure:5826: result: pass_all
configure:5911: checking for dlltool
configure:5941: result: no
configure:5971: checking how to associate runtime and link libraries
configure:5998: result: printf %s\n
configure:6059: checking for ar
configure:6075: found /usr/bin/ar
configure:6086: result: ar
configure:6123: checking for archiver @FILE support
configure:6140: gcc -c -g -O2  conftest.c >&5
configure:6140: $? = 0
configure:6143: ar cru libconftest.a @conftest.lst >&5
ar: `u' modifier ignored since `D' is the default (see `U')
configure:6146: $? = 0
configure:6151: ar cru libconftest.a @conftest.lst >&5
ar: `u' modifier ignored since `D' is the default (see `U')
ar: conftest.o: No such file or directory
configure:6154: $? = 1
configure:6166: result: @
configure:6224: checking for strip
configure:6240: found /usr/bin/strip
configure:6251: result: strip
configure:6323: checking for ranlib
configure:6339: found /usr/bin/ranlib
configure:6350: result: ranlib
configure:6452: checking command to parse /usr/bin/nm -B output from gcc object
configure:6605: gcc -c -g -O2  conftest.c >&5
configure:6608: $? = 0
configure:6612: /usr/bin/nm -B conftest.o \| sed -n -e 's/^.*[ ]\([ABCDGIRSTW][ABCDGIRSTW]*\)[ ][ ]*\([_A-Za-z][_A-Za-z0-9]*\)$/\1 \2 \2/p' | sed '/ __gnu_lto/d' \> conftest.nm
configure:6615: $? = 0
configure:6681: gcc -o conftest -g -O2   conftest.c conftstm.o >&5
configure:6684: $? = 0
configure:6722: result: ok
configure:6769: checking for sysroot
configure:6799: result: no
configure:6806: checking for a working dd
configure:6844: result: /bin/dd
configure:6848: checking how to truncate binary pipes
configure:6863: result: /bin/dd bs=4096 count=1
configure:6999: gcc -c -g -O2  conftest.c >&5
configure:7002: $? = 0
configure:7192: checking for mt
configure:7208: found /bin/mt
configure:7219: result: mt
configure:7242: checking if mt is a manifest tool
configure:7248: mt '-?'
configure:7256: result: no
configure:7933: checking how to run the C preprocessor
configure:7964: gcc -E  conftest.c
configure:7964: $? = 0
configure:7978: gcc -E  conftest.c
conftest.c:11:28: fatal error: ac_nonexistent.h: No such file or directory
compilation terminated.
configure:7978: $? = 1
configure: failed program was:
| /* confdefs.h */
| #define PACKAGE_NAME "lightdm"
| #define PACKAGE_TARNAME "lightdm"
| #define PACKAGE_VERSION "1.30.0"
| #define PACKAGE_STRING "lightdm 1.30.0"
| #define PACKAGE_BUGREPORT ""
| #define PACKAGE_URL ""
| #define PACKAGE "lightdm"
| #define VERSION "1.30.0"
| /* end confdefs.h.  */
| #include <ac_nonexistent.h>
configure:8003: result: gcc -E
configure:8023: gcc -E  conftest.c
configure:8023: $? = 0
configure:8037: gcc -E  conftest.c
conftest.c:11:28: fatal error: ac_nonexistent.h: No such file or directory
compilation terminated.
configure:8037: $? = 1
configure: failed program was:
| /* confdefs.h */
| #define PACKAGE_NAME "lightdm"
| #define PACKAGE_TARNAME "lightdm"
| #define PACKAGE_VERSION "1.30.0"
| #define PACKAGE_STRING "lightdm 1.30.0"
| #define PACKAGE_BUGREPORT ""
| #define PACKAGE_URL ""
| #define PACKAGE "lightdm"
| #define VERSION "1.30.0"
| /* end confdefs.h.  */
| #include <ac_nonexistent.h>
configure:8066: checking for ANSI C header files
configure:8086: gcc -c -g -O2  conftest.c >&5
configure:8086: $? = 0
configure:8159: gcc -o conftest -g -O2   conftest.c  >&5
configure:8159: $? = 0
configure:8159: ./conftest
configure:8159: $? = 0
configure:8170: result: yes
configure:8183: checking for sys/types.h
configure:8183: gcc -c -g -O2  conftest.c >&5
configure:8183: $? = 0
configure:8183: result: yes
configure:8183: checking for sys/stat.h
configure:8183: gcc -c -g -O2  conftest.c >&5
configure:8183: $? = 0
configure:8183: result: yes
configure:8183: checking for stdlib.h
configure:8183: gcc -c -g -O2  conftest.c >&5
configure:8183: $? = 0
configure:8183: result: yes
configure:8183: checking for string.h
configure:8183: gcc -c -g -O2  conftest.c >&5
configure:8183: $? = 0
configure:8183: result: yes
configure:8183: checking for memory.h
configure:8183: gcc -c -g -O2  conftest.c >&5
configure:8183: $? = 0
configure:8183: result: yes
configure:8183: checking for strings.h
configure:8183: gcc -c -g -O2  conftest.c >&5
configure:8183: $? = 0
configure:8183: result: yes
configure:8183: checking for inttypes.h
configure:8183: gcc -c -g -O2  conftest.c >&5
configure:8183: $? = 0
configure:8183: result: yes
configure:8183: checking for stdint.h
configure:8183: gcc -c -g -O2  conftest.c >&5
configure:8183: $? = 0
configure:8183: result: yes
configure:8183: checking for unistd.h
configure:8183: gcc -c -g -O2  conftest.c >&5
configure:8183: $? = 0
configure:8183: result: yes
configure:8197: checking for dlfcn.h
configure:8197: gcc -c -g -O2  conftest.c >&5
configure:8197: $? = 0
configure:8197: result: yes
configure:8453: checking for objdir
configure:8468: result: .libs
configure:8732: checking if gcc supports -fno-rtti -fno-exceptions
configure:8750: gcc -c -g -O2  -fno-rtti -fno-exceptions conftest.c >&5
cc1: warning: command line option '-fno-rtti' is valid for C++/ObjC++ but not for C
configure:8754: $? = 0
configure:8767: result: no
configure:9125: checking for gcc option to produce PIC
configure:9132: result: -fPIC -DPIC
configure:9140: checking if gcc PIC flag -fPIC -DPIC works
configure:9158: gcc -c -g -O2  -fPIC -DPIC -DPIC conftest.c >&5
configure:9162: $? = 0
configure:9175: result: yes
configure:9204: checking if gcc static flag -static works
configure:9232: result: yes
configure:9247: checking if gcc supports -c -o file.o
configure:9268: gcc -c -g -O2  -o out/conftest2.o conftest.c >&5
configure:9272: $? = 0
configure:9294: result: yes
configure:9302: checking if gcc supports -c -o file.o
configure:9349: result: yes
configure:9382: checking whether the gcc linker (/usr/bin/ld -m elf_x86_64) supports shared libraries
configure:10645: result: yes
configure:10682: checking whether -lc should be explicitly linked in
configure:10690: gcc -c -g -O2  conftest.c >&5
configure:10693: $? = 0
configure:10708: gcc -shared  -fPIC -DPIC conftest.o  -v -Wl,-soname -Wl,conftest -o conftest 2\>\&1 \| /bin/grep  -lc  \>/dev/null 2\>\&1
configure:10711: $? = 0
configure:10725: result: no
configure:10885: checking dynamic linker characteristics
configure:11466: gcc -o conftest -g -O2   -Wl,-rpath -Wl,/foo conftest.c  >&5
configure:11466: $? = 0
configure:11715: result: GNU/Linux ld.so
configure:11837: checking how to hardcode library paths into programs
configure:11862: result: immediate
configure:12410: checking whether stripping libraries is possible
configure:12415: result: yes
configure:12450: checking if libtool supports shared libraries
configure:12452: result: yes
configure:12455: checking whether to build shared libraries
configure:12480: result: yes
configure:12483: checking whether to build static libraries
configure:12487: result: yes
configure:12583: checking for g++
configure:12599: found /usr/bin/g++
configure:12610: result: g++
configure:12637: checking for C++ compiler version
configure:12646: g++ --version >&5
g++ (Ubuntu 5.4.0-6ubuntu1~16.04.12) 5.4.0 20160609
Copyright (C) 2015 Free Software Foundation, Inc.
This is free software; see the source for copying conditions.  There is NO
warranty; not even for MERCHANTABILITY or FITNESS FOR A PARTICULAR PURPOSE.

configure:12657: $? = 0
configure:12646: g++ -v >&5
Using built-in specs.
COLLECT_GCC=g++
COLLECT_LTO_WRAPPER=/usr/lib/gcc/x86_64-linux-gnu/5/lto-wrapper
Target: x86_64-linux-gnu
Configured with: ../src/configure -v --with-pkgversion='Ubuntu 5.4.0-6ubuntu1~16.04.12' --with-bugurl=file:///usr/share/doc/gcc-5/README.Bugs --enable-languages=c,ada,c++,java,go,d,fortran,objc,obj-c++ --prefix=/usr --program-suffix=-5 --enable-shared --enable-linker-build-id --libexecdir=/usr/lib --without-included-gettext --enable-threads=posix --libdir=/usr/lib --enable-nls --with-sysroot=/ --enable-clocale=gnu --enable-libstdcxx-debug --enable-libstdcxx-time=yes --with-default-libstdcxx-abi=new --enable-gnu-unique-object --disable-vtable-verify --enable-libmpx --enable-plugin --with-system-zlib --disable-browser-plugin --enable-java-awt=gtk --enable-gtk-cairo --with-java-home=/usr/lib/jvm/java-1.5.0-gcj-5-amd64/jre --enable-java-home --with-jvm-root-dir=/usr/lib/jvm/java-1.5.0-gcj-5-amd64 --with-jvm-jar-dir=/usr/lib/jvm-exports/java-1.5.0-gcj-5-amd64 --with-arch-directory=amd64 --with-ecj-jar=/usr/share/java/eclipse-ecj.jar --enable-objc-gc --enable-multiarch --disable-werror --with-arch-32=i686 --with-abi=m64 --with-multilib-list=m32,m64,mx32 --enable-multilib --with-tune=generic --enable-checking=release --build=x86_64-linux-gnu --host=x86_64-linux-gnu --target=x86_64-linux-gnu
Thread model: posix
gcc version 5.4.0 20160609 (Ubuntu 5.4.0-6ubuntu1~16.04.12) 
configure:12657: $? = 0
configure:12646: g++ -V >&5
g++: error: unrecognized command line option '-V'
g++: fatal error: no input files
compilation terminated.
configure:12657: $? = 1
configure:12646: g++ -qversion >&5
g++: error: unrecognized command line option '-qversion'
g++: fatal error: no input files
compilation terminated.
configure:12657: $? = 1
configure:12661: checking whether we are using the GNU C++ compiler
configure:12680: g++ -c   conftest.cpp >&5
configure:12680: $? = 0
configure:12689: result: yes
configure:12698: checking whether g++ accepts -g
configure:12718: g++ -c -g  conftest.cpp >&5
configure:12718: $? = 0
configure:12759: result: yes
configure:12784: checking dependency style of g++
configure:12895: result: gcc3
configure:12928: checking how to run the C++ preprocessor
configure:12955: g++ -E  conftest.cpp
configure:12955: $? = 0
configure:12969: g++ -E  conftest.cpp
conftest.cpp:23:28: fatal error: ac_nonexistent.h: No such file or directory
compilation terminated.
configure:12969: $? = 1
configure: failed program was:
| /* confdefs.h */
| #define PACKAGE_NAME "lightdm"
| #define PACKAGE_TARNAME "lightdm"
| #define PACKAGE_VERSION "1.30.0"
| #define PACKAGE_STRING "lightdm 1.30.0"
| #define PACKAGE_BUGREPORT ""
| #define PACKAGE_URL ""
| #define PACKAGE "lightdm"
| #define VERSION "1.30.0"
| #define STDC_HEADERS 1
| #define HAVE_SYS_TYPES_H 1
| #define HAVE_SYS_STAT_H 1
| #define HAVE_STDLIB_H 1
| #define HAVE_STRING_H 1
| #define HAVE_MEMORY_H 1
| #define HAVE_STRINGS_H 1
| #define HAVE_INTTYPES_H 1
| #define HAVE_STDINT_H 1
| #define HAVE_UNISTD_H 1
| #define HAVE_DLFCN_H 1
| #define LT_OBJDIR ".libs/"
| /* end confdefs.h.  */
| #include <ac_nonexistent.h>
configure:12994: result: g++ -E
configure:13014: g++ -E  conftest.cpp
configure:13014: $? = 0
configure:13028: g++ -E  conftest.cpp
conftest.cpp:23:28: fatal error: ac_nonexistent.h: No such file or directory
compilation terminated.
configure:13028: $? = 1
configure: failed program was:
| /* confdefs.h */
| #define PACKAGE_NAME "lightdm"
| #define PACKAGE_TARNAME "lightdm"
| #define PACKAGE_VERSION "1.30.0"
| #define PACKAGE_STRING "lightdm 1.30.0"
| #define PACKAGE_BUGREPORT ""
| #define PACKAGE_URL ""
| #define PACKAGE "lightdm"
| #define VERSION "1.30.0"
| #define STDC_HEADERS 1
| #define HAVE_SYS_TYPES_H 1
| #define HAVE_SYS_STAT_H 1
| #define HAVE_STDLIB_H 1
| #define HAVE_STRING_H 1
| #define HAVE_MEMORY_H 1
| #define HAVE_STRINGS_H 1
| #define HAVE_INTTYPES_H 1
| #define HAVE_STDINT_H 1
| #define HAVE_UNISTD_H 1
| #define HAVE_DLFCN_H 1
| #define LT_OBJDIR ".libs/"
| /* end confdefs.h.  */
| #include <ac_nonexistent.h>
configure:13190: checking for ld used by g++
configure:13257: result: /usr/bin/ld -m elf_x86_64
configure:13264: checking if the linker (/usr/bin/ld -m elf_x86_64) is GNU ld
configure:13279: result: yes
configure:13334: checking whether the g++ linker (/usr/bin/ld -m elf_x86_64) supports shared libraries
configure:14407: result: yes
configure:14443: g++ -c -g -O2  conftest.cpp >&5
configure:14446: $? = 0
configure:14927: checking for g++ option to produce PIC
configure:14934: result: -fPIC -DPIC
configure:14942: checking if g++ PIC flag -fPIC -DPIC works
configure:14960: g++ -c -g -O2  -fPIC -DPIC -DPIC conftest.cpp >&5
configure:14964: $? = 0
configure:14977: result: yes
configure:15000: checking if g++ static flag -static works
configure:15028: result: yes
configure:15040: checking if g++ supports -c -o file.o
configure:15061: g++ -c -g -O2  -o out/conftest2.o conftest.cpp >&5
configure:15065: $? = 0
configure:15087: result: yes
configure:15092: checking if g++ supports -c -o file.o
configure:15139: result: yes
configure:15169: checking whether the g++ linker (/usr/bin/ld -m elf_x86_64) supports shared libraries
configure:15212: result: yes
configure:15353: checking dynamic linker characteristics
configure:16110: result: GNU/Linux ld.so
configure:16175: checking how to hardcode library paths into programs
configure:16200: result: immediate
configure:16241: checking whether ln -s works
configure:16245: result: yes
configure:16254: checking whether to enable maintainer-specific portions of Makefiles
configure:16263: result: no
configure:16351: checking for pkg-config
configure:16369: found /usr/bin/pkg-config
configure:16381: result: /usr/bin/pkg-config
configure:16406: checking pkg-config is at least version 0.9.0
configure:16409: result: yes
configure:16428: checking for gobject-introspection
configure:16459: $PKG_CONFIG --exists --print-errors "gobject-introspection-1.0 >= 0.9.5"
Package gobject-introspection-1.0 was not found in the pkg-config search path.
Perhaps you should add the directory containing `gobject-introspection-1.0.pc'
to the PKG_CONFIG_PATH environment variable
No package 'gobject-introspection-1.0' found
configure:16462: $? = 1
configure:16473: result: no
configure:16634: checking for pkg-config
configure:16664: result: /usr/bin/pkg-config
configure:16689: checking pkg-config is at least version 0.9.0
configure:16692: result: yes
configure:16702: $PKG_CONFIG --exists --print-errors "$vapigen_pkg"
Package vapigen was not found in the pkg-config search path.
Perhaps you should add the directory containing `vapigen.pc'
to the PKG_CONFIG_PATH environment variable
No package 'vapigen' found
configure:16705: $? = 1
configure:16731: checking for vapigen
configure:16753: result: no
configure:16773: checking security/pam_appl.h usability
configure:16773: gcc -c -g -O2  conftest.c >&5
configure:16773: $? = 0
configure:16773: result: yes
configure:16773: checking security/pam_appl.h presence
configure:16773: gcc -E  conftest.c
configure:16773: $? = 0
configure:16773: result: yes
configure:16773: checking for security/pam_appl.h
configure:16773: result: yes
configure:16788: checking gcrypt.h usability
configure:16788: gcc -c -g -O2  conftest.c >&5
configure:16788: $? = 0
configure:16788: result: yes
configure:16788: checking gcrypt.h presence
configure:16788: gcc -E  conftest.c
configure:16788: $? = 0
configure:16788: result: yes
configure:16788: checking for gcrypt.h
configure:16788: result: yes
configure:16804: checking for setresgid
configure:16804: gcc -o conftest -g -O2   conftest.c  >&5
configure:16804: $? = 0
configure:16804: result: yes
configure:16804: checking for setresuid
configure:16804: gcc -o conftest -g -O2   conftest.c  >&5
configure:16804: $? = 0
configure:16804: result: yes
configure:16804: checking for clearenv
configure:16804: gcc -o conftest -g -O2   conftest.c  >&5
configure:16804: $? = 0
configure:16804: result: yes
configure:16816: checking for LIGHTDM
configure:16829: $PKG_CONFIG --exists --print-errors "
    glib-2.0 >= 2.44
    gio-2.0 >= 2.26
    gio-unix-2.0
    xdmcp
    xcb
"
configure:16838: $? = 0
configure:16864: $PKG_CONFIG --exists --print-errors "
    glib-2.0 >= 2.44
    gio-2.0 >= 2.26
    gio-unix-2.0
    xdmcp
    xcb
"
configure:16873: $? = 0
configure:16955: result: yes
configure:16962: checking for GLIB
configure:16971: $PKG_CONFIG --exists --print-errors "
    glib-2.0
"
configure:16976: $? = 0
configure:16994: $PKG_CONFIG --exists --print-errors "
    glib-2.0
"
configure:16999: $? = 0
configure:17065: result: yes
configure:17072: checking for GIO
configure:17081: $PKG_CONFIG --exists --print-errors "
    gio-2.0
"
configure:17086: $? = 0
configure:17104: $PKG_CONFIG --exists --print-errors "
    gio-2.0
"
configure:17109: $? = 0
configure:17175: result: yes
configure:17182: checking for GIO_UNIX
configure:17191: $PKG_CONFIG --exists --print-errors "
    gio-unix-2.0
"
configure:17196: $? = 0
configure:17214: $PKG_CONFIG --exists --print-errors "
    gio-unix-2.0
"
configure:17219: $? = 0
configure:17285: result: yes
configure:17292: checking for GOBJECT
configure:17301: $PKG_CONFIG --exists --print-errors "
    gobject-2.0
"
configure:17306: $? = 0
configure:17324: $PKG_CONFIG --exists --print-errors "
    gobject-2.0
"
configure:17329: $? = 0
configure:17395: result: yes
configure:17402: checking for XCB
configure:17411: $PKG_CONFIG --exists --print-errors "
    xcb
"
configure:17416: $? = 0
configure:17434: $PKG_CONFIG --exists --print-errors "
    xcb
"
configure:17439: $? = 0
configure:17505: result: yes
configure:17512: checking for LIBLIGHTDM_GOBJECT
configure:17526: $PKG_CONFIG --exists --print-errors "
    glib-2.0 >= 2.44
    gio-2.0 >= 2.26
    gio-unix-2.0
    gobject-2.0
    libxklavier
    x11
"
configure:17536: $? = 0
configure:17564: $PKG_CONFIG --exists --print-errors "
    glib-2.0 >= 2.44
    gio-2.0 >= 2.26
    gio-unix-2.0
    gobject-2.0
    libxklavier
    x11
"
configure:17574: $? = 0
configure:17660: result: yes
configure:17676: checking for LIBLIGHTDM_QT4
configure:17687: $PKG_CONFIG --exists --print-errors "
        QtCore
        QtDBus
        QtGui
    "
Package QtCore was not found in the pkg-config search path.
Perhaps you should add the directory containing `QtCore.pc'
to the PKG_CONFIG_PATH environment variable
No package 'QtCore' found
Package QtDBus was not found in the pkg-config search path.
Perhaps you should add the directory containing `QtDBus.pc'
to the PKG_CONFIG_PATH environment variable
No package 'QtDBus' found
Package QtGui was not found in the pkg-config search path.
Perhaps you should add the directory containing `QtGui.pc'
to the PKG_CONFIG_PATH environment variable
No package 'QtGui' found
configure:17694: $? = 1
configure:17716: $PKG_CONFIG --exists --print-errors "
        QtCore
        QtDBus
        QtGui
    "
Package QtCore was not found in the pkg-config search path.
Perhaps you should add the directory containing `QtCore.pc'
to the PKG_CONFIG_PATH environment variable
No package 'QtCore' found
Package QtDBus was not found in the pkg-config search path.
Perhaps you should add the directory containing `QtDBus.pc'
to the PKG_CONFIG_PATH environment variable
No package 'QtDBus' found
Package QtGui was not found in the pkg-config search path.
Perhaps you should add the directory containing `QtGui.pc'
to the PKG_CONFIG_PATH environment variable
No package 'QtGui' found
configure:17723: $? = 1
configure:17741: result: no
No package 'QtCore' found
No package 'QtDBus' found
No package 'QtGui' found
configure:17839: checking for moc-qt4
configure:17869: result: no
configure:17839: checking for moc
configure:17855: found /usr/bin/moc
configure:17866: result: moc
configure:17925: checking for LIBLIGHTDM_QT5
configure:17936: $PKG_CONFIG --exists --print-errors "
        Qt5Core
        Qt5DBus
        Qt5Gui
    "
Package Qt5Core was not found in the pkg-config search path.
Perhaps you should add the directory containing `Qt5Core.pc'
to the PKG_CONFIG_PATH environment variable
No package 'Qt5Core' found
Package Qt5DBus was not found in the pkg-config search path.
Perhaps you should add the directory containing `Qt5DBus.pc'
to the PKG_CONFIG_PATH environment variable
No package 'Qt5DBus' found
Package Qt5Gui was not found in the pkg-config search path.
Perhaps you should add the directory containing `Qt5Gui.pc'
to the PKG_CONFIG_PATH environment variable
No package 'Qt5Gui' found
configure:17943: $? = 1
configure:17965: $PKG_CONFIG --exists --print-errors "
        Qt5Core
        Qt5DBus
        Qt5Gui
    "
Package Qt5Core was not found in the pkg-config search path.
Perhaps you should add the directory containing `Qt5Core.pc'
to the PKG_CONFIG_PATH environment variable
No package 'Qt5Core' found
Package Qt5DBus was not found in the pkg-config search path.
Perhaps you should add the directory containing `Qt5DBus.pc'
to the PKG_CONFIG_PATH environment variable
No package 'Qt5DBus' found
Package Qt5Gui was not found in the pkg-config search path.
Perhaps you should add the directory containing `Qt5Gui.pc'
to the PKG_CONFIG_PATH environment variable
No package 'Qt5Gui' found
configure:17972: $? = 1
configure:17990: result: no
No package 'Qt5Core' found
No package 'Qt5DBus' found
No package 'Qt5Gui' found
configure:18088: checking for moc-qt5
configure:18118: result: no
configure:18088: checking for moc
configure:18104: found /usr/bin/moc
configure:18115: result: moc
configure:18172: checking for audit_log_user_message in -laudit
configure:18197: gcc -o conftest -g -O2   conftest.c -laudit   >&5
/usr/bin/ld: cannot find -laudit
collect2: error: ld returned 1 exit status
configure:18197: $? = 1
configure: failed program was:
| /* confdefs.h */
| #define PACKAGE_NAME "lightdm"
| #define PACKAGE_TARNAME "lightdm"
| #define PACKAGE_VERSION "1.30.0"
| #define PACKAGE_STRING "lightdm 1.30.0"
| #define PACKAGE_BUGREPORT ""
| #define PACKAGE_URL ""
| #define PACKAGE "lightdm"
| #define VERSION "1.30.0"
| #define STDC_HEADERS 1
| #define HAVE_SYS_TYPES_H 1
| #define HAVE_SYS_STAT_H 1
| #define HAVE_STDLIB_H 1
| #define HAVE_STRING_H 1
| #define HAVE_MEMORY_H 1
| #define HAVE_STRINGS_H 1
| #define HAVE_INTTYPES_H 1
| #define HAVE_STDINT_H 1
| #define HAVE_UNISTD_H 1
| #define HAVE_DLFCN_H 1
| #define LT_OBJDIR ".libs/"
| #define HAVE_SECURITY_PAM_APPL_H 1
| #define HAVE_GCRYPT_H 1
| #define HAVE_SETRESGID 1
| #define HAVE_SETRESUID 1
| #define HAVE_CLEARENV 1
| /* end confdefs.h.  */
| 
| /* Override any GCC internal prototype to avoid an error.
|    Use char because int might match the return type of a GCC
|    builtin and then its argument prototype would still apply.  */
| #ifdef __cplusplus
| extern "C"
| #endif
| char audit_log_user_message ();
| int
| main ()
| {
| return audit_log_user_message ();
|   ;
|   return 0;
| }
configure:18206: result: no
configure:18227: checking whether to build tests
configure:18302: checking for gtk-doc
configure:18305: $PKG_CONFIG --exists --print-errors "$gtk_doc_requires"
configure:18308: $? = 0
configure:18314: result: yes
configure:18328: checking for gtkdoc-check
configure:18344: found /usr/bin/gtkdoc-check
configure:18355: result: gtkdoc-check.test
configure:18365: checking for gtkdoc-check
configure:18383: found /usr/bin/gtkdoc-check
configure:18395: result: /usr/bin/gtkdoc-check
configure:18407: checking for gtkdoc-rebase
configure:18425: found /usr/bin/gtkdoc-rebase
configure:18437: result: /usr/bin/gtkdoc-rebase
configure:18451: checking for gtkdoc-mkpdf
configure:18469: found /usr/bin/gtkdoc-mkpdf
configure:18481: result: /usr/bin/gtkdoc-mkpdf
configure:18509: checking whether to build gtk-doc documentation
configure:18511: result: no
configure:18524: checking for GTKDOC_DEPS
configure:18531: $PKG_CONFIG --exists --print-errors "glib-2.0 >= 2.10.0 gobject-2.0  >= 2.10.0"
configure:18534: $? = 0
configure:18548: $PKG_CONFIG --exists --print-errors "glib-2.0 >= 2.10.0 gobject-2.0  >= 2.10.0"
configure:18551: $? = 0
configure:18589: result: yes
configure:18703: checking for itstool
configure:18719: found /usr/bin/itstool
configure:18730: result: itstool
configure:18745: checking for xmllint
configure:18761: found /usr/bin/xmllint
configure:18772: result: xmllint
configure:18965: checking whether NLS is requested
configure:18974: result: yes
configure:18992: checking for intltool >= 0.35.0
configure:18994: result: 0.51.0 found
configure:19002: checking for intltool-update
configure:19020: found /usr/bin/intltool-update
configure:19032: result: /usr/bin/intltool-update
configure:19042: checking for intltool-merge
configure:19060: found /usr/bin/intltool-merge
configure:19072: result: /usr/bin/intltool-merge
configure:19082: checking for intltool-extract
configure:19100: found /usr/bin/intltool-extract
configure:19112: result: /usr/bin/intltool-extract
configure:19266: checking for xgettext
configure:19284: found /usr/bin/xgettext
configure:19296: result: /usr/bin/xgettext
configure:19306: checking for msgmerge
configure:19324: found /usr/bin/msgmerge
configure:19336: result: /usr/bin/msgmerge
configure:19346: checking for msgfmt
configure:19364: found /usr/bin/msgfmt
configure:19376: result: /usr/bin/msgfmt
configure:19386: checking for gmsgfmt
configure:19417: result: /usr/bin/msgfmt
configure:19437: checking for perl
configure:19455: found /usr/bin/perl
configure:19467: result: /usr/bin/perl
configure:19478: checking for perl >= 5.8.1
configure:19485: result: 5.22.1
configure:19489: checking for XML::Parser
configure:19492: result: ok
configure:19625: checking that generated files are newer than configure
configure:19631: result: done
configure:19710: creating ./config.status

## ---------------------- ##
## Running config.status. ##
## ---------------------- ##

This file was extended by lightdm config.status 1.30.0, which was
generated by GNU Autoconf 2.69.  Invocation command line was

  CONFIG_FILES    = 
  CONFIG_HEADERS  = 
  CONFIG_LINKS    = 
  CONFIG_COMMANDS = 
  $ ./config.status 

on longmai

config.status:1480: creating Makefile
config.status:1480: creating common/Makefile
config.status:1480: creating data/Makefile
config.status:1480: creating doc/Makefile
config.status:1480: creating help/Makefile
config.status:1480: creating liblightdm-gobject/liblightdm-gobject-1.pc
config.status:1480: creating liblightdm-gobject/Makefile
config.status:1480: creating liblightdm-qt/Makefile
config.status:1480: creating liblightdm-qt/liblightdm-qt-3.pc
config.status:1480: creating liblightdm-qt/liblightdm-qt5-3.pc
config.status:1480: creating po/Makefile.in
config.status:1480: creating src/Makefile
config.status:1480: creating tests/Makefile
config.status:1480: creating tests/src/Makefile
config.status:1480: creating config.h
config.status:1661: config.h is unchanged
config.status:1709: executing depfiles commands
config.status:1709: executing libtool commands
config.status:1709: executing po/stamp-it commands

## ---------------- ##
## Cache variables. ##
## ---------------- ##

ac_cv_build=x86_64-pc-linux-gnu
ac_cv_c_compiler_gnu=yes
ac_cv_cxx_compiler_gnu=yes
ac_cv_env_CCC_set=
ac_cv_env_CCC_value=
ac_cv_env_CC_set=
ac_cv_env_CC_value=
ac_cv_env_CFLAGS_set=
ac_cv_env_CFLAGS_value=
ac_cv_env_CPPFLAGS_set=
ac_cv_env_CPPFLAGS_value=
ac_cv_env_CPP_set=
ac_cv_env_CPP_value=
ac_cv_env_CXXCPP_set=
ac_cv_env_CXXCPP_value=
ac_cv_env_CXXFLAGS_set=
ac_cv_env_CXXFLAGS_value=
ac_cv_env_CXX_set=
ac_cv_env_CXX_value=
ac_cv_env_GIO_CFLAGS_set=
ac_cv_env_GIO_CFLAGS_value=
ac_cv_env_GIO_LIBS_set=
ac_cv_env_GIO_LIBS_value=
ac_cv_env_GIO_UNIX_CFLAGS_set=
ac_cv_env_GIO_UNIX_CFLAGS_value=
ac_cv_env_GIO_UNIX_LIBS_set=
ac_cv_env_GIO_UNIX_LIBS_value=
ac_cv_env_GLIB_CFLAGS_set=
ac_cv_env_GLIB_CFLAGS_value=
ac_cv_env_GLIB_LIBS_set=
ac_cv_env_GLIB_LIBS_value=
ac_cv_env_GOBJECT_CFLAGS_set=
ac_cv_env_GOBJECT_CFLAGS_value=
ac_cv_env_GOBJECT_LIBS_set=
ac_cv_env_GOBJECT_LIBS_value=
ac_cv_env_GTKDOC_DEPS_CFLAGS_set=
ac_cv_env_GTKDOC_DEPS_CFLAGS_value=
ac_cv_env_GTKDOC_DEPS_LIBS_set=
ac_cv_env_GTKDOC_DEPS_LIBS_value=
ac_cv_env_ITSTOOL_set=
ac_cv_env_ITSTOOL_value=
ac_cv_env_LDFLAGS_set=
ac_cv_env_LDFLAGS_value=
ac_cv_env_LIBLIGHTDM_GOBJECT_CFLAGS_set=
ac_cv_env_LIBLIGHTDM_GOBJECT_CFLAGS_value=
ac_cv_env_LIBLIGHTDM_GOBJECT_LIBS_set=
ac_cv_env_LIBLIGHTDM_GOBJECT_LIBS_value=
ac_cv_env_LIBLIGHTDM_QT4_CFLAGS_set=
ac_cv_env_LIBLIGHTDM_QT4_CFLAGS_value=
ac_cv_env_LIBLIGHTDM_QT4_LIBS_set=
ac_cv_env_LIBLIGHTDM_QT4_LIBS_value=
ac_cv_env_LIBLIGHTDM_QT5_CFLAGS_set=
ac_cv_env_LIBLIGHTDM_QT5_CFLAGS_value=
ac_cv_env_LIBLIGHTDM_QT5_LIBS_set=
ac_cv_env_LIBLIGHTDM_QT5_LIBS_value=
ac_cv_env_LIBS_set=
ac_cv_env_LIBS_value=
ac_cv_env_LIGHTDM_CFLAGS_set=
ac_cv_env_LIGHTDM_CFLAGS_value=
ac_cv_env_LIGHTDM_LIBS_set=
ac_cv_env_LIGHTDM_LIBS_value=
ac_cv_env_LT_SYS_LIBRARY_PATH_set=
ac_cv_env_LT_SYS_LIBRARY_PATH_value=
ac_cv_env_PKG_CONFIG_LIBDIR_set=
ac_cv_env_PKG_CONFIG_LIBDIR_value=
ac_cv_env_PKG_CONFIG_PATH_set=
ac_cv_env_PKG_CONFIG_PATH_value=
ac_cv_env_PKG_CONFIG_set=
ac_cv_env_PKG_CONFIG_value=
ac_cv_env_XCB_CFLAGS_set=
ac_cv_env_XCB_CFLAGS_value=
ac_cv_env_XCB_LIBS_set=
ac_cv_env_XCB_LIBS_value=
ac_cv_env_XMLLINT_set=
ac_cv_env_XMLLINT_value=
ac_cv_env_build_alias_set=
ac_cv_env_build_alias_value=
ac_cv_env_host_alias_set=
ac_cv_env_host_alias_value=
ac_cv_env_target_alias_set=
ac_cv_env_target_alias_value=
ac_cv_func_clearenv=yes
ac_cv_func_setresgid=yes
ac_cv_func_setresuid=yes
ac_cv_header_dlfcn_h=yes
ac_cv_header_gcrypt_h=yes
ac_cv_header_inttypes_h=yes
ac_cv_header_memory_h=yes
ac_cv_header_security_pam_appl_h=yes
ac_cv_header_stdc=yes
ac_cv_header_stdint_h=yes
ac_cv_header_stdlib_h=yes
ac_cv_header_string_h=yes
ac_cv_header_strings_h=yes
ac_cv_header_sys_stat_h=yes
ac_cv_header_sys_types_h=yes
ac_cv_header_unistd_h=yes
ac_cv_host=x86_64-pc-linux-gnu
ac_cv_lib_audit_audit_log_user_message=no
ac_cv_objext=o
ac_cv_path_EGREP='/bin/grep -E'
ac_cv_path_FGREP='/bin/grep -F'
ac_cv_path_GMSGFMT=/usr/bin/msgfmt
ac_cv_path_GREP=/bin/grep
ac_cv_path_GTKDOC_CHECK_PATH=/usr/bin/gtkdoc-check
ac_cv_path_GTKDOC_MKPDF=/usr/bin/gtkdoc-mkpdf
ac_cv_path_GTKDOC_REBASE=/usr/bin/gtkdoc-rebase
ac_cv_path_INTLTOOL_EXTRACT=/usr/bin/intltool-extract
ac_cv_path_INTLTOOL_MERGE=/usr/bin/intltool-merge
ac_cv_path_INTLTOOL_PERL=/usr/bin/perl
ac_cv_path_INTLTOOL_UPDATE=/usr/bin/intltool-update
ac_cv_path_MSGFMT=/usr/bin/msgfmt
ac_cv_path_MSGMERGE=/usr/bin/msgmerge
ac_cv_path_SED=/bin/sed
ac_cv_path_XGETTEXT=/usr/bin/xgettext
ac_cv_path_ac_pt_PKG_CONFIG=/usr/bin/pkg-config
ac_cv_path_install='/usr/bin/install -c'
ac_cv_path_lt_DD=/bin/dd
ac_cv_path_mkdir=/bin/mkdir
ac_cv_prog_AWK=mawk
ac_cv_prog_CPP='gcc -E'
ac_cv_prog_CXXCPP='g++ -E'
ac_cv_prog_GTKDOC_CHECK=gtkdoc-check.test
ac_cv_prog_ITSTOOL=itstool
ac_cv_prog_XMLLINT=xmllint
ac_cv_prog_ac_ct_AR=ar
ac_cv_prog_ac_ct_CC=gcc
ac_cv_prog_ac_ct_CXX=g++
ac_cv_prog_ac_ct_MANIFEST_TOOL=mt
ac_cv_prog_ac_ct_MOC4=moc
ac_cv_prog_ac_ct_MOC5=moc
ac_cv_prog_ac_ct_OBJDUMP=objdump
ac_cv_prog_ac_ct_RANLIB=ranlib
ac_cv_prog_ac_ct_STRIP=strip
ac_cv_prog_cc_c89=
ac_cv_prog_cc_c99=
ac_cv_prog_cc_g=yes
ac_cv_prog_cxx_g=yes
ac_cv_prog_make_make_set=yes
am_cv_CC_dependencies_compiler_type=gcc3
am_cv_CXX_dependencies_compiler_type=gcc3
am_cv_make_support_nested_variables=yes
am_cv_prog_cc_c_o=yes
lt_cv_ar_at_file=@
lt_cv_archive_cmds_need_lc=no
lt_cv_deplibs_check_method=pass_all
lt_cv_file_magic_cmd='$MAGIC_CMD'
lt_cv_file_magic_test_file=
lt_cv_ld_reload_flag=-r
lt_cv_nm_interface='BSD nm'
lt_cv_objdir=.libs
lt_cv_path_LD=/usr/bin/ld
lt_cv_path_LDCXX='/usr/bin/ld -m elf_x86_64'
lt_cv_path_NM='/usr/bin/nm -B'
lt_cv_path_mainfest_tool=no
lt_cv_prog_compiler_c_o=yes
lt_cv_prog_compiler_c_o_CXX=yes
lt_cv_prog_compiler_pic='-fPIC -DPIC'
lt_cv_prog_compiler_pic_CXX='-fPIC -DPIC'
lt_cv_prog_compiler_pic_works=yes
lt_cv_prog_compiler_pic_works_CXX=yes
lt_cv_prog_compiler_rtti_exceptions=no
lt_cv_prog_compiler_static_works=yes
lt_cv_prog_compiler_static_works_CXX=yes
lt_cv_prog_gnu_ld=yes
lt_cv_prog_gnu_ldcxx=yes
lt_cv_sharedlib_from_linklib_cmd='printf %s\n'
lt_cv_shlibpath_overrides_runpath=no
lt_cv_sys_global_symbol_pipe='sed -n -e '\''s/^.*[	 ]\([ABCDGIRSTW][ABCDGIRSTW]*\)[	 ][	 ]*\([_A-Za-z][_A-Za-z0-9]*\)$/\1 \2 \2/p'\'' | sed '\''/ __gnu_lto/d'\'''
lt_cv_sys_global_symbol_to_c_name_address='sed -n -e '\''s/^: \(.*\) .*$/  {"\1", (void *) 0},/p'\'' -e '\''s/^[ABCDGIRSTW][ABCDGIRSTW]* .* \(.*\)$/  {"\1", (void *) \&\1},/p'\'''
lt_cv_sys_global_symbol_to_c_name_address_lib_prefix='sed -n -e '\''s/^: \(.*\) .*$/  {"\1", (void *) 0},/p'\'' -e '\''s/^[ABCDGIRSTW][ABCDGIRSTW]* .* \(lib.*\)$/  {"\1", (void *) \&\1},/p'\'' -e '\''s/^[ABCDGIRSTW][ABCDGIRSTW]* .* \(.*\)$/  {"lib\1", (void *) \&\1},/p'\'''
lt_cv_sys_global_symbol_to_cdecl='sed -n -e '\''s/^T .* \(.*\)$/extern int \1();/p'\'' -e '\''s/^[ABCDGIRSTW][ABCDGIRSTW]* .* \(.*\)$/extern char \1;/p'\'''
lt_cv_sys_global_symbol_to_import=
lt_cv_sys_max_cmd_len=1572864
lt_cv_to_host_file_cmd=func_convert_file_noop
lt_cv_to_tool_file_cmd=func_convert_file_noop
lt_cv_truncate_bin='/bin/dd bs=4096 count=1'
pkg_cv_GIO_CFLAGS='-pthread -I/usr/include/glib-2.0 -I/usr/lib/x86_64-linux-gnu/glib-2.0/include'
pkg_cv_GIO_LIBS='-lgio-2.0 -lgobject-2.0 -lglib-2.0'
pkg_cv_GIO_UNIX_CFLAGS='-pthread -I/usr/include/gio-unix-2.0/ -I/usr/include/glib-2.0 -I/usr/lib/x86_64-linux-gnu/glib-2.0/include'
pkg_cv_GIO_UNIX_LIBS='-lgio-2.0 -lgobject-2.0 -lglib-2.0'
pkg_cv_GLIB_CFLAGS='-I/usr/include/glib-2.0 -I/usr/lib/x86_64-linux-gnu/glib-2.0/include'
pkg_cv_GLIB_LIBS=-lglib-2.0
pkg_cv_GOBJECT_CFLAGS='-I/usr/include/glib-2.0 -I/usr/lib/x86_64-linux-gnu/glib-2.0/include'
pkg_cv_GOBJECT_LIBS='-lgobject-2.0 -lglib-2.0'
pkg_cv_GTKDOC_DEPS_CFLAGS='-I/usr/include/glib-2.0 -I/usr/lib/x86_64-linux-gnu/glib-2.0/include'
pkg_cv_GTKDOC_DEPS_LIBS='-lgobject-2.0 -lglib-2.0'
pkg_cv_LIBLIGHTDM_GOBJECT_CFLAGS='-pthread -I/usr/include/gio-unix-2.0/ -I/usr/include/glib-2.0 -I/usr/lib/x86_64-linux-gnu/glib-2.0/include -I/usr/include/libxml2'
pkg_cv_LIBLIGHTDM_GOBJECT_LIBS='-lgio-2.0 -lgobject-2.0 -lglib-2.0 -lxklavier -lX11'
pkg_cv_LIGHTDM_CFLAGS='-pthread -I/usr/include/gio-unix-2.0/ -I/usr/include/glib-2.0 -I/usr/lib/x86_64-linux-gnu/glib-2.0/include'
pkg_cv_LIGHTDM_LIBS='-lgio-2.0 -lgobject-2.0 -lglib-2.0 -lXdmcp -lxcb'
pkg_cv_XCB_CFLAGS=
pkg_cv_XCB_LIBS=-lxcb

## ----------------- ##
## Output variables. ##
## ----------------- ##
















	          dname=$$(dirname "$$dname"); \
	          pars="../$$pars"; \
	        $(LN_S) -f $$pars"C/$(HELP_ID)/$$f" "$$helpdir$$f" || exit 1; \
	        dname="$$f"; \
	        done; \
	        echo "$(LN_S) -f $(HELP_DIR)/C/$(HELP_ID)/$$f $$helpdir$$f"; \
	        pars="../"; \
	        while test "$$dname" != "." -a "$$dname" != "/"; do \
	      $(INSTALL_DATA) "$$d$$lc/$$f" "$$helpdir$$f" || exit 1; \
	      echo "$(INSTALL_DATA) $$d$$lc/$$f $$helpdir$$f"; \
	      fi; \
	      if test "x$(YELP_LC_MEDIA_LINKS)" != "x"; then \
	    $(ITSTOOL) -o "$(notdir $@).tmp" $(_HELP_C_FILES) && \
	    $(ITSTOOL) -o "$(notdir $@).tmp" $(_HELP_C_FILES) && \
	    $(XMLLINT) --noout --noent --path "$$xmlpath" --xinclude "$$d$$lc/$$page"; \
	    cp -p "$$d$$lc/$$file" "$(distdir)/$$lc/" || exit 1; \
	    d="$(srcdir)/"; \
	    echo "$(XMLLINT) --noout --noent --path $$xmlpath --xinclude $$d$$lc/$$page"; \
	    echo "rm -f $$helpdir$$f"; \
	    elif test "x$$lc" != "xC"; then \
	    fi; \
	    helpdir="$(DESTDIR)$(HELP_DIR)/$$lc/$(HELP_ID)/"; \
	    helpdir="$(DESTDIR)$(HELP_DIR)/$$lc/$(HELP_ID)/"; \
	    if ! test -d "$$helpdir$$mdir"; then $(mkinstalldirs) "$$helpdir$$mdir"; fi; \
	    if test "x$mdir" = "x."; then mdir=""; fi; \
	    if test -f "$$d$$lc/$$f"; then \
	    if test -f "$$lc$$f"; then d=; else d="$(srcdir)/"; fi; \
	    if test -f "$$lc/$$file"; then d=./; else d=$(srcdir)/; fi; \
	    mdir=`dirname "$$f"`; \
	    msgmerge -o "$(notdir $@)" "$(notdir $@)" "$(notdir $@).tmp" && \
	    mv "$(notdir $@).tmp" "$(notdir $@)"); \
	    rm "$(notdir $@).tmp"); \
	    rm -f "$$helpdir$$f"; \
	    then d=; \
	    xmlpath="$$lc"; \
	    xmlpath="$$lc:$(srcdir)/$$lc"; \
	  $(INSTALL_DATA) "$$d$$f" "$$helpdir`basename $$f`" || exit 1; \
	  $(INSTALL_DATA) "$$d$$lc/$$f" "$$helpdir`basename $$f`" || exit 1; \
	  $(MKDIR_P) "$(distdir)/$$lc"; \
	  $(mkinstalldirs) "$(DESTDIR)$(HELP_DIR)/$$lc/$(HELP_ID)" || exit 1; \
	  (cd "$(dir $@)" && \
	  (cd "$(dir $@)" && \
	  done; \
	  done; \
	  done; \
	  done; \
	  echo "$(INSTALL_DATA) $$d$$f $$helpdir`basename $$f`"; \
	  echo "$(INSTALL_DATA) $$d$$lc/$$f $$helpdir`basename $$f`"; \
	  echo "rm -f $$helpdir`basename $$f`"; \
	  echo "rm -f $$helpdir`basename $$f`"; \
	  else \
	  fi; \
	  for file in $(HELP_FILES); do \
	  for lc in C $(_HELP_LINGUAS); do \
	  for lc in C $(_HELP_LINGUAS); do \
	  for page in $(HELP_FILES); do \
	  helpdir="$(DESTDIR)$(HELP_DIR)/$$lc/$(HELP_ID)/"; \
	  helpdir="$(DESTDIR)$(HELP_DIR)/$$lc/$(HELP_ID)/"; \
	  helpdir="$(DESTDIR)$(HELP_DIR)/$$lc/$(HELP_ID)/"; \
	  helpdir="$(DESTDIR)$(HELP_DIR)/$$lc/$(HELP_ID)/"; \
	  if ! test -d "$$helpdir"; then $(mkinstalldirs) "$$helpdir"; fi; \
	  if ! test -d "$$helpdir"; then $(mkinstalldirs) "$$helpdir"; fi; \
	  if test "x$(_HELP_V)" = "x0"; then echo "  GEN    $${po}"; fi; \
	  if test -d "$$lc"; \
	  if test -f "$$f"; then d=; else d="$(srcdir)/"; fi; \
	  if test -f "$$lc/$$f"; then d=; else d="$(srcdir)/"; fi; \
	  lc=`dirname "$$f"`; lc=`basename "$$lc"`; \
	  lc=`dirname "$$f"`; lc=`basename "$$lc"`; \
	  msgmerge -q -o "$${po}" "$${po}" "$(_HELP_POTFILE)"; \
	  rm -f "$$helpdir`basename $$f`"; \
	  rm -f "$$helpdir`basename $$f`"; \
	$(AM_V_GEN)if ! test -f "$@"; then \
	$(AM_V_GEN)if test -d "C"; then d=; else d="$(srcdir)/"; fi; \
	$(AM_V_GEN)msgfmt -o "$@" "$<"
	$(AM_V_at)for po in $(_HELP_POFILES); do \
	$(AM_V_at)if ! test -d "$(dir $@)"; then mkdir "$(dir $@)"; fi
	$(AM_V_at)if ! test -d "$(dir $@)"; then mkdir "$(dir $@)"; fi
	$(AM_V_at)if ! test -d "$(dir $@)"; then mkdir "$(dir $@)"; fi
	$(AM_V_at)if test ! -f "$@" -a -f "$(srcdir)/$@"; then cp "$(srcdir)/$@" "$@"; fi
	$(ITSTOOL) -o "$@" $(foreach f,$(_HELP_C_FILES),"$${d}$(f)")
	$(_HELP_LC_VERBOSE)if test -d "C"; then d="../"; else d="$(abs_srcdir)/"; fi; \
	(cd "$(dir $@)" && $(ITSTOOL) -m "$${mo}" $(foreach f,$(_HELP_C_FILES),$${d}/$(f))) && \
	@for f in $(HELP_MEDIA); do \
	@for f in $(HELP_MEDIA); do \
	@for f in $(_HELP_C_EXTRA); do \
	@for f in $(_HELP_C_EXTRA); do \
	@for lc in C $(_HELP_LINGUAS); do \
	@for lc in C $(_HELP_LINGUAS); do for f in $(HELP_FILES); do \
	@for lc in C $(if $(YELP_LC_DIST),$(HELP_LINGUAS)) ; do \
	done
	done
	done
	done
	done
	done
	done;
	done; \
	done; done
	done; done
	else \
	fi
	for lc in C $(_HELP_LINGUAS); do \
	for lc in C $(_HELP_LINGUAS); do for f in $(HELP_FILES); do \
	if test -f "$${mo}"; then mo="../$${mo}"; else mo="$(abs_srcdir)/$${mo}"; fi; \
	mo="$(dir $@)$(patsubst %/$(notdir $@),%,$@).mo"; \
	rm -f $(_HELP_LC_FILES) $(_HELP_LC_STAMPS) $(_HELP_MOFILES)
	touch "$@"
$(_HELP_LC_FILES): $(_HELP_LINGUAS)
$(_HELP_LC_STAMPS): $(_HELP_C_FILES) $(_HELP_C_EXTRA)
$(_HELP_LC_STAMPS): %.stamp: %.mo
$(_HELP_LINGUAS): $(_HELP_LC_STAMPS)
$(_HELP_MOFILES): %.mo: %.po
$(_HELP_POFILES):
$(_HELP_POTFILE): $(_HELP_C_FILES) $(_HELP_C_EXTRA) $(_HELP_C_MEDIA)
'
.PHONY: check-help
.PHONY: clean-help
.PHONY: install-help
.PHONY: pot
.PHONY: repo
.PHONY: uninstall-help
ACLOCAL='${SHELL} /home/longmai/Desktop/lightdm-1.30.0/missing aclocal-1.15'
ALL_LINGUAS=''
AMDEPBACKSLASH='\'
AMDEP_FALSE='#'
AMDEP_TRUE=''
AMTAR='$${TAR-tar}'
AM_BACKSLASH='\'
AM_DEFAULT_V='$(AM_DEFAULT_VERBOSITY)'
AM_DEFAULT_VERBOSITY='0'
AM_V='$(V)'
AR='ar'
AUTOCONF='${SHELL} /home/longmai/Desktop/lightdm-1.30.0/missing autoconf'
AUTOHEADER='${SHELL} /home/longmai/Desktop/lightdm-1.30.0/missing autoheader'
AUTOMAKE='${SHELL} /home/longmai/Desktop/lightdm-1.30.0/missing automake-1.15'
AWK='mawk'
CC='gcc'
CCDEPMODE='depmode=gcc3'
CFLAGS='-g -O2'
COMPILE_LIBLIGHTDM_QT4_FALSE=''
COMPILE_LIBLIGHTDM_QT4_TRUE='#'
COMPILE_LIBLIGHTDM_QT5_FALSE=''
COMPILE_LIBLIGHTDM_QT5_TRUE='#'
COMPILE_TESTS_FALSE='#'
COMPILE_TESTS_TRUE=''
CPP='gcc -E'
CPPFLAGS=''
CXX='g++'
CXXCPP='g++ -E'
CXXDEPMODE='depmode=gcc3'
CXXFLAGS='-g -O2'
CYGPATH_W='echo'
DEFAULT_GREETER_SESSION='default'
DEFAULT_USER_SESSION='default'
DEFS='-DHAVE_CONFIG_H'
DEPDIR='.deps'
DLLTOOL='false'
DSYMUTIL=''
DUMPBIN=''
ECHO_C=''
ECHO_N='-n'
ECHO_T=''
EGREP='/bin/grep -E'
ENABLE_GTK_DOC_FALSE=''
ENABLE_GTK_DOC_TRUE='#'
ENABLE_VAPIGEN_FALSE=''
ENABLE_VAPIGEN_TRUE='#'
EXEEXT=''
EXTRA_DIST += $(_HELP_C_EXTRA) $(_HELP_C_MEDIA)
EXTRA_DIST += $(foreach f,$(HELP_MEDIA),$(foreach lc,$(HELP_LINGUAS),$(wildcard $(lc)/$(f))))
EXTRA_DIST += $(foreach lc,$(HELP_LINGUAS),$(lc)/$(lc).po)
EXTRA_DIST += $(if $(YELP_LC_DIST),$(foreach lc,$(HELP_LINGUAS),$(lc)/$(lc).stamp))
EXTRA_DIST ?=
FGREP='/bin/grep -F'
GETTEXT_PACKAGE='lightdm'
GIO_CFLAGS='-pthread -I/usr/include/glib-2.0 -I/usr/lib/x86_64-linux-gnu/glib-2.0/include'
GIO_LIBS='-lgio-2.0 -lgobject-2.0 -lglib-2.0'
GIO_UNIX_CFLAGS='-pthread -I/usr/include/gio-unix-2.0/ -I/usr/include/glib-2.0 -I/usr/lib/x86_64-linux-gnu/glib-2.0/include'
GIO_UNIX_LIBS='-lgio-2.0 -lgobject-2.0 -lglib-2.0'
GLIB_CFLAGS='-I/usr/include/glib-2.0 -I/usr/lib/x86_64-linux-gnu/glib-2.0/include'
GLIB_LIBS='-lglib-2.0'
GMSGFMT='/usr/bin/msgfmt'
GOBJECT_CFLAGS='-I/usr/include/glib-2.0 -I/usr/lib/x86_64-linux-gnu/glib-2.0/include'
GOBJECT_LIBS='-lgobject-2.0 -lglib-2.0'
GREETER_USER='lightdm'
GREP='/bin/grep'
GTKDOC_CHECK='gtkdoc-check.test'
GTKDOC_CHECK_PATH='/usr/bin/gtkdoc-check'
GTKDOC_DEPS_CFLAGS='-I/usr/include/glib-2.0 -I/usr/lib/x86_64-linux-gnu/glib-2.0/include'
GTKDOC_DEPS_LIBS='-lgobject-2.0 -lglib-2.0'
GTKDOC_MKPDF='/usr/bin/gtkdoc-mkpdf'
GTKDOC_REBASE='/usr/bin/gtkdoc-rebase'
GTK_DOC_BUILD_HTML_FALSE='#'
GTK_DOC_BUILD_HTML_TRUE=''
GTK_DOC_BUILD_PDF_FALSE=''
GTK_DOC_BUILD_PDF_TRUE='#'
GTK_DOC_USE_LIBTOOL_FALSE='#'
GTK_DOC_USE_LIBTOOL_TRUE=''
GTK_DOC_USE_REBASE_FALSE='#'
GTK_DOC_USE_REBASE_TRUE=''
HAVE_GTK_DOC_FALSE='#'
HAVE_GTK_DOC_TRUE=''
HAVE_INTROSPECTION_FALSE=''
HAVE_INTROSPECTION_TRUE='#'
HELP_DIR='${datadir}/help'
HELP_EXTRA ?=
HELP_FILES ?=
HELP_ID ?=
HELP_LINGUAS ?=
HELP_MEDIA ?=
HELP_POT ?=
HTML_DIR='${datadir}/gtk-doc/html'
INSTALL_DATA='${INSTALL} -m 644'
INSTALL_PROGRAM='${INSTALL}'
INSTALL_SCRIPT='${INSTALL}'
INSTALL_STRIP_PROGRAM='$(install_sh) -c -s'
INTLTOOL_CAVES_RULE='%.caves:     %.caves.in     $(INTLTOOL_MERGE) $(wildcard $(top_srcdir)/po/*.po) ; $(INTLTOOL_V_MERGE)LC_ALL=C $(INTLTOOL_MERGE) $(INTLTOOL_V_MERGE_OPTIONS) -d -u -c $(top_builddir)/po/.intltool-merge-cache $(top_srcdir)/po $< $@'
INTLTOOL_DESKTOP_RULE='%.desktop:   %.desktop.in   $(INTLTOOL_MERGE) $(wildcard $(top_srcdir)/po/*.po) ; $(INTLTOOL_V_MERGE)LC_ALL=C $(INTLTOOL_MERGE) $(INTLTOOL_V_MERGE_OPTIONS) -d -u -c $(top_builddir)/po/.intltool-merge-cache $(top_srcdir)/po $< $@'
INTLTOOL_DIRECTORY_RULE='%.directory: %.directory.in $(INTLTOOL_MERGE) $(wildcard $(top_srcdir)/po/*.po) ; $(INTLTOOL_V_MERGE)LC_ALL=C $(INTLTOOL_MERGE) $(INTLTOOL_V_MERGE_OPTIONS) -d -u -c $(top_builddir)/po/.intltool-merge-cache $(top_srcdir)/po $< $@'
INTLTOOL_EXTRACT='/usr/bin/intltool-extract'
INTLTOOL_KBD_RULE='%.kbd:       %.kbd.in       $(INTLTOOL_MERGE) $(wildcard $(top_srcdir)/po/*.po) ; $(INTLTOOL_V_MERGE)LC_ALL=C $(INTLTOOL_MERGE) $(INTLTOOL_V_MERGE_OPTIONS) -x -u -m -c $(top_builddir)/po/.intltool-merge-cache $(top_srcdir)/po $< $@'
INTLTOOL_KEYS_RULE='%.keys:      %.keys.in      $(INTLTOOL_MERGE) $(wildcard $(top_srcdir)/po/*.po) ; $(INTLTOOL_V_MERGE)LC_ALL=C $(INTLTOOL_MERGE) $(INTLTOOL_V_MERGE_OPTIONS) -k -u -c $(top_builddir)/po/.intltool-merge-cache $(top_srcdir)/po $< $@'
INTLTOOL_MERGE='/usr/bin/intltool-merge'
INTLTOOL_OAF_RULE='%.oaf:       %.oaf.in       $(INTLTOOL_MERGE) $(wildcard $(top_srcdir)/po/*.po) ; $(INTLTOOL_V_MERGE)LC_ALL=C $(INTLTOOL_MERGE) $(INTLTOOL_V_MERGE_OPTIONS) -o -p $(top_srcdir)/po $< $@'
INTLTOOL_PERL='/usr/bin/perl'
INTLTOOL_POLICY_RULE='%.policy:    %.policy.in    $(INTLTOOL_MERGE) $(wildcard $(top_srcdir)/po/*.po) ; $(INTLTOOL_V_MERGE)LC_ALL=C $(INTLTOOL_MERGE) $(INTLTOOL_V_MERGE_OPTIONS) -x -u -c $(top_builddir)/po/.intltool-merge-cache $(top_srcdir)/po $< $@'
INTLTOOL_PONG_RULE='%.pong:      %.pong.in      $(INTLTOOL_MERGE) $(wildcard $(top_srcdir)/po/*.po) ; $(INTLTOOL_V_MERGE)LC_ALL=C $(INTLTOOL_MERGE) $(INTLTOOL_V_MERGE_OPTIONS) -x -u -c $(top_builddir)/po/.intltool-merge-cache $(top_srcdir)/po $< $@'
INTLTOOL_PROP_RULE='%.prop:      %.prop.in      $(INTLTOOL_MERGE) $(wildcard $(top_srcdir)/po/*.po) ; $(INTLTOOL_V_MERGE)LC_ALL=C $(INTLTOOL_MERGE) $(INTLTOOL_V_MERGE_OPTIONS) -d -u -c $(top_builddir)/po/.intltool-merge-cache $(top_srcdir)/po $< $@'
INTLTOOL_SCHEMAS_RULE='%.schemas:   %.schemas.in   $(INTLTOOL_MERGE) $(wildcard $(top_srcdir)/po/*.po) ; $(INTLTOOL_V_MERGE)LC_ALL=C $(INTLTOOL_MERGE) $(INTLTOOL_V_MERGE_OPTIONS) -s -u -c $(top_builddir)/po/.intltool-merge-cache $(top_srcdir)/po $< $@'
INTLTOOL_SERVER_RULE='%.server:    %.server.in    $(INTLTOOL_MERGE) $(wildcard $(top_srcdir)/po/*.po) ; $(INTLTOOL_V_MERGE)LC_ALL=C $(INTLTOOL_MERGE) $(INTLTOOL_V_MERGE_OPTIONS) -o -u -c $(top_builddir)/po/.intltool-merge-cache $(top_srcdir)/po $< $@'
INTLTOOL_SERVICE_RULE='%.service: %.service.in   $(INTLTOOL_MERGE) $(wildcard $(top_srcdir)/po/*.po) ; $(INTLTOOL_V_MERGE)LC_ALL=C $(INTLTOOL_MERGE) $(INTLTOOL_V_MERGE_OPTIONS) -d -u -c $(top_builddir)/po/.intltool-merge-cache $(top_srcdir)/po $< $@'
INTLTOOL_SHEET_RULE='%.sheet:     %.sheet.in     $(INTLTOOL_MERGE) $(wildcard $(top_srcdir)/po/*.po) ; $(INTLTOOL_V_MERGE)LC_ALL=C $(INTLTOOL_MERGE) $(INTLTOOL_V_MERGE_OPTIONS) -x -u -c $(top_builddir)/po/.intltool-merge-cache $(top_srcdir)/po $< $@'
INTLTOOL_SOUNDLIST_RULE='%.soundlist: %.soundlist.in $(INTLTOOL_MERGE) $(wildcard $(top_srcdir)/po/*.po) ; $(INTLTOOL_V_MERGE)LC_ALL=C $(INTLTOOL_MERGE) $(INTLTOOL_V_MERGE_OPTIONS) -d -u -c $(top_builddir)/po/.intltool-merge-cache $(top_srcdir)/po $< $@'
INTLTOOL_THEME_RULE='%.theme:     %.theme.in     $(INTLTOOL_MERGE) $(wildcard $(top_srcdir)/po/*.po) ; $(INTLTOOL_V_MERGE)LC_ALL=C $(INTLTOOL_MERGE) $(INTLTOOL_V_MERGE_OPTIONS) -d -u -c $(top_builddir)/po/.intltool-merge-cache $(top_srcdir)/po $< $@'
INTLTOOL_UI_RULE='%.ui:        %.ui.in        $(INTLTOOL_MERGE) $(wildcard $(top_srcdir)/po/*.po) ; $(INTLTOOL_V_MERGE)LC_ALL=C $(INTLTOOL_MERGE) $(INTLTOOL_V_MERGE_OPTIONS) -x -u -c $(top_builddir)/po/.intltool-merge-cache $(top_srcdir)/po $< $@'
INTLTOOL_UPDATE='/usr/bin/intltool-update'
INTLTOOL_V_MERGE='$(INTLTOOL__v_MERGE_$(V))'
INTLTOOL_V_MERGE_OPTIONS='$(intltool__v_merge_options_$(V))'
INTLTOOL_XAM_RULE='%.xam:       %.xml.in       $(INTLTOOL_MERGE) $(wildcard $(top_srcdir)/po/*.po) ; $(INTLTOOL_V_MERGE)LC_ALL=C $(INTLTOOL_MERGE) $(INTLTOOL_V_MERGE_OPTIONS) -x -u -c $(top_builddir)/po/.intltool-merge-cache $(top_srcdir)/po $< $@'
INTLTOOL_XML_NOMERGE_RULE='%.xml:       %.xml.in       $(INTLTOOL_MERGE) ; $(INTLTOOL_V_MERGE)LC_ALL=C $(INTLTOOL_MERGE) $(INTLTOOL_V_MERGE_OPTIONS) -x -u --no-translations $< $@'
INTLTOOL_XML_RULE='%.xml:       %.xml.in       $(INTLTOOL_MERGE) $(wildcard $(top_srcdir)/po/*.po) ; $(INTLTOOL_V_MERGE)LC_ALL=C $(INTLTOOL_MERGE) $(INTLTOOL_V_MERGE_OPTIONS) -x -u -c $(top_builddir)/po/.intltool-merge-cache $(top_srcdir)/po $< $@'
INTLTOOL__v_MERGE_0='@echo "  ITMRG " $@;'
INTLTOOL__v_MERGE_='$(INTLTOOL__v_MERGE_$(AM_DEFAULT_VERBOSITY))'
INTROSPECTION_CFLAGS=''
INTROSPECTION_COMPILER=''
INTROSPECTION_GENERATE=''
INTROSPECTION_GIRDIR=''
INTROSPECTION_LIBS=''
INTROSPECTION_MAKEFILE=''
INTROSPECTION_SCANNER=''
INTROSPECTION_TYPELIBDIR=''
ITSTOOL='itstool'
LD='/usr/bin/ld -m elf_x86_64'
LDFLAGS=''
LIBLIGHTDM_GOBJECT_CFLAGS='-pthread -I/usr/include/gio-unix-2.0/ -I/usr/include/glib-2.0 -I/usr/lib/x86_64-linux-gnu/glib-2.0/include -I/usr/include/libxml2'
LIBLIGHTDM_GOBJECT_LIBS='-lgio-2.0 -lgobject-2.0 -lglib-2.0 -lxklavier -lX11'
LIBLIGHTDM_QT4_CFLAGS=''
LIBLIGHTDM_QT4_LIBS=''
LIBLIGHTDM_QT5_CFLAGS=''
LIBLIGHTDM_QT5_LIBS=''
LIBOBJS=''
LIBS=''
LIBTOOL='$(SHELL) $(top_builddir)/libtool'
LIGHTDM_CFLAGS='-pthread -I/usr/include/gio-unix-2.0/ -I/usr/include/glib-2.0 -I/usr/lib/x86_64-linux-gnu/glib-2.0/include'
LIGHTDM_LIBS='-lgio-2.0 -lgobject-2.0 -lglib-2.0 -lXdmcp -lxcb'
LIPO=''
LN_S='ln -s'
LTLIBOBJS=''
LT_SYS_LIBRARY_PATH=''
MAINT='#'
MAINTAINER_MODE_FALSE=''
MAINTAINER_MODE_TRUE='#'
MAKEINFO='${SHELL} /home/longmai/Desktop/lightdm-1.30.0/missing makeinfo'
MANIFEST_TOOL=':'
MKDIR_P='/bin/mkdir -p'
MOC4='moc --qt=4'
MOC5='moc --qt=5'
MSGFMT='/usr/bin/msgfmt'
MSGMERGE='/usr/bin/msgmerge'
NM='/usr/bin/nm -B'
NMEDIT=''
OBJDUMP='objdump'
OBJEXT='o'
OTOOL64=''
OTOOL=''
PACKAGE='lightdm'
PACKAGE_BUGREPORT=''
PACKAGE_NAME='lightdm'
PACKAGE_STRING='lightdm 1.30.0'
PACKAGE_TARNAME='lightdm'
PACKAGE_URL=''
PACKAGE_VERSION='1.30.0'
PATH_SEPARATOR=':'
PKG_CONFIG='/usr/bin/pkg-config'
PKG_CONFIG_LIBDIR=''
PKG_CONFIG_PATH=''
RANLIB='ranlib'
SED='/bin/sed'
SET_MAKE=''
SHELL='/bin/bash'
STRIP='strip'
USE_NLS='yes'
VAPIGEN=''
VAPIGEN_MAKEFILE=''
VAPIGEN_VAPIDIR=''
VERSION='1.30.0'
WARN_CFLAGS='-Wall                  -Wstrict-prototypes                  -Wnested-externs                  -Werror=missing-prototypes                  -Werror=implicit-function-declaration                  -Werror=pointer-arith                  -Werror=init-self                  -Werror=format-security                  -Werror=format=2                  -Werror=missing-include-dirs'
WARN_CXXFLAGS='-Wall'
XCB_CFLAGS=''
XCB_LIBS='-lxcb'
XGETTEXT='/usr/bin/xgettext'
XMLLINT='xmllint'
YELP_HELP_RULES='
YELP_LC_DIST='true'
YELP_LC_MEDIA_LINKS='true'
_HELP_C_EXTRA = $(foreach f,$(HELP_EXTRA),C/$(f))
_HELP_C_FILES = $(foreach f,$(HELP_FILES),C/$(f))
_HELP_C_MEDIA = $(foreach f,$(HELP_MEDIA),C/$(f))
_HELP_DEFAULT_V = $(if $(AM_DEFAULT_VERBOSITY),$(AM_DEFAULT_VERBOSITY),1)
_HELP_LC_FILES = $(foreach lc,$(_HELP_LINGUAS),$(foreach f,$(HELP_FILES),$(lc)/$(f)))
_HELP_LC_STAMPS = $(foreach lc,$(_HELP_LINGUAS),$(lc)/$(lc).stamp)
_HELP_LC_VERBOSE = $(_HELP_LC_VERBOSE_$(_HELP_V))
_HELP_LC_VERBOSE_ = $(_HELP_LC_VERBOSE_$(_HELP_DEFAULT_V))
_HELP_LC_VERBOSE_0 = @echo "  GEN    "$(dir $@);
_HELP_LINGUAS = $(if $(filter environment,$(origin LINGUAS)),$(filter $(LINGUAS),$(HELP_LINGUAS)),$(HELP_LINGUAS))
_HELP_MOFILES = $(patsubst %.po,%.mo,$(_HELP_POFILES))
_HELP_POFILES = $(if $(HELP_ID),$(foreach lc,$(_HELP_LINGUAS),$(lc)/$(lc).po))
_HELP_POTFILE = $(if $(HELP_POT),$(HELP_POT),$(if $(HELP_ID),$(HELP_ID).pot))
_HELP_V = $(if $(V),$(V),$(_HELP_DEFAULT_V))
ac_ct_AR='ar'
ac_ct_CC='gcc'
ac_ct_CXX='g++'
ac_ct_DUMPBIN=''
ac_ct_MOC4='moc'
ac_ct_MOC5='moc'
all: $(_HELP_C_FILES) $(_HELP_C_EXTRA) $(_HELP_C_MEDIA) $(_HELP_LC_FILES) $(_HELP_POFILES)
am__EXEEXT_FALSE=''
am__EXEEXT_TRUE='#'
am__fastdepCC_FALSE='#'
am__fastdepCC_TRUE=''
am__fastdepCXX_FALSE='#'
am__fastdepCXX_TRUE=''
am__include='include'
am__isrc=''
am__leading_dot='.'
am__nodep='_no'
am__quote=''
am__tar='$${TAR-tar} chof - "$$tardir"'
am__untar='$${TAR-tar} xf -'
bindir='${exec_prefix}/bin'
build='x86_64-pc-linux-gnu'
build_alias=''
build_cpu='x86_64'
build_os='linux-gnu'
build_vendor='pc'
check-help:
check: check-help
clean-help:
datadir='${datarootdir}'
datarootdir='${prefix}/share'
distdir-help-files: $(_HELP_LC_FILES)
distdir: distdir-help-files
docdir='${datarootdir}/doc/${PACKAGE_TARNAME}'
dvidir='${docdir}'
exec_prefix='${prefix}'
host='x86_64-pc-linux-gnu'
host_alias=''
host_cpu='x86_64'
host_os='linux-gnu'
host_vendor='pc'
htmldir='${docdir}'
includedir='${prefix}/include'
infodir='${datarootdir}/info'
install-data-am: $(if $(HELP_ID),install-help)
install-help: $(_HELP_LC_FILES)
install_sh='${SHELL} /home/longmai/Desktop/lightdm-1.30.0/install-sh'
intltool__v_merge_options_0='-q'
intltool__v_merge_options_='$(intltool__v_merge_options_$(AM_DEFAULT_VERBOSITY))'
libdir='${exec_prefix}/lib'
libexecdir='${exec_prefix}/libexec'
localedir='${datarootdir}/locale'
localstatedir='${prefix}/var'
mandir='${datarootdir}/man'
mkdir_p='$(MKDIR_P)'
mostlyclean-am: $(if $(HELP_ID),clean-help)
oldincludedir='/usr/include'
pdfdir='${docdir}'
pot: $(_HELP_POTFILE)
prefix='/usr/local'
program_transform_name='s,x,x,'
psdir='${docdir}'
repo: $(_HELP_POTFILE)
runstatedir='${localstatedir}/run'
sbindir='${exec_prefix}/sbin'
sharedstatedir='${prefix}/com'
sysconfdir='${prefix}/etc'
target_alias=''
uninstall-am: $(if $(HELP_ID),uninstall-help)
uninstall-help:

## ----------- ##
## confdefs.h. ##
## ----------- ##

/* confdefs.h */
#define PACKAGE_NAME "lightdm"
#define PACKAGE_TARNAME "lightdm"
#define PACKAGE_VERSION "1.30.0"
#define PACKAGE_STRING "lightdm 1.30.0"
#define PACKAGE_BUGREPORT ""
#define PACKAGE_URL ""
#define PACKAGE "lightdm"
#define VERSION "1.30.0"
#define STDC_HEADERS 1
#define HAVE_SYS_TYPES_H 1
#define HAVE_SYS_STAT_H 1
#define HAVE_STDLIB_H 1
#define HAVE_STRING_H 1
#define HAVE_MEMORY_H 1
#define HAVE_STRINGS_H 1
#define HAVE_INTTYPES_H 1
#define HAVE_STDINT_H 1
#define HAVE_UNISTD_H 1
#define HAVE_DLFCN_H 1
#define LT_OBJDIR ".libs/"
#define HAVE_SECURITY_PAM_APPL_H 1
#define HAVE_GCRYPT_H 1
#define HAVE_SETRESGID 1
#define HAVE_SETRESUID 1
#define HAVE_CLEARENV 1
#define DEFAULT_USER_SESSION "default"
#define DEFAULT_GREETER_SESSION "default"
#define GREETER_USER "lightdm"
#define GETTEXT_PACKAGE "lightdm"

configure: exit 0
